[2024-12-17 23:46:39 INFO  (main)] - Server is initializing...
[2024-12-17 23:46:39 INFO  (main)] - Server is running...
[2024-12-17 23:54:55 INFO  (main)] - Server is initializing...
[2024-12-17 23:54:55 INFO  (main)] - Server is running...
[2024-12-17 23:54:55 INFO  (Thread-1)] - Sending audio data...
[2024-12-17 23:54:55 INFO  (Thread-0)] - Collecting audio data...
[2024-12-17 23:59:17 ERROR (main)] - Sorry, unable to find config.properties
[2024-12-17 23:59:17 ERROR (main)] - Failed to load config...
[2024-12-18 00:03:32 INFO  (main)] - esp32.port: 9876
[2024-12-18 00:03:32 INFO  (main)] - server.port: 9876
[2024-12-18 00:03:32 INFO  (main)] - esp32.ip: 192.168.1.1
[2024-12-18 00:03:32 INFO  (main)] - Server is initializing...
[2024-12-18 00:03:32 INFO  (main)] - Server is running...
[2024-12-18 00:03:32 INFO  (Thread-0)] - Collecting audio data...
[2024-12-18 00:03:32 INFO  (Thread-1)] - Sending audio data...
[2024-12-19 08:32:01 INFO  (main)] - esp32.port: 9876
[2024-12-19 08:32:01 INFO  (main)] - server.port: 9876
[2024-12-19 08:32:01 INFO  (main)] - esp32.ip: 192.168.1.1
[2024-12-19 08:32:01 INFO  (main)] - Server is initializing...
[2024-12-19 08:32:01 INFO  (main)] - Server is running...
[2024-12-19 08:32:01 INFO  (Thread-1)] - Sending audio data...
[2024-12-19 08:32:01 INFO  (Thread-0)] - Collecting audio data...
